2024-06-13 09:58:09.596 [restartedMain] INFO  com.project.travel.TravelApplication - Starting TravelApplication using Java 1.8.0_201 on LAPTOP-LDHLJA8N with PID 20860 (D:\bishe\travel\travel-server\target\classes started by AA in D:\bishe\travel\travel-server)
2024-06-13 09:58:09.602 [restartedMain] INFO  com.project.travel.TravelApplication - The following profiles are active: dev
2024-06-13 09:58:09.674 [restartedMain] INFO  o.s.b.d.env.DevToolsPropertyDefaultsPostProcessor - Devtools property defaults active! Set 'spring.devtools.add-properties' to 'false' to disable
2024-06-13 09:58:09.674 [restartedMain] INFO  o.s.b.d.env.DevToolsPropertyDefaultsPostProcessor - For additional web related logging consider setting the 'logging.level.web' property to 'DEBUG'
2024-06-13 09:58:10.546 [restartedMain] INFO  o.s.d.r.config.RepositoryConfigurationDelegate - Multiple Spring Data modules found, entering strict repository configuration mode!
2024-06-13 09:58:10.547 [restartedMain] INFO  o.s.d.r.config.RepositoryConfigurationDelegate - Bootstrapping Spring Data Redis repositories in DEFAULT mode.
2024-06-13 09:58:10.573 [restartedMain] INFO  o.s.d.r.config.RepositoryConfigurationDelegate - Finished Spring Data repository scanning in 14 ms. Found 0 Redis repository interfaces.
2024-06-13 09:58:11.441 [restartedMain] INFO  o.s.boot.web.embedded.tomcat.TomcatWebServer - Tomcat initialized with port(s): 8080 (http)
2024-06-13 09:58:11.458 [restartedMain] INFO  org.apache.coyote.http11.Http11NioProtocol - Initializing ProtocolHandler ["http-nio-8080"]
2024-06-13 09:58:11.459 [restartedMain] INFO  org.apache.catalina.core.StandardService - Starting service [Tomcat]
2024-06-13 09:58:11.460 [restartedMain] INFO  org.apache.catalina.core.StandardEngine - Starting Servlet engine: [Apache Tomcat/9.0.41]
2024-06-13 09:58:11.464 [restartedMain] INFO  org.apache.catalina.core.AprLifecycleListener - Loaded Apache Tomcat Native library [1.2.26] using APR version [1.7.0].
2024-06-13 09:58:11.464 [restartedMain] INFO  org.apache.catalina.core.AprLifecycleListener - APR capabilities: IPv6 [true], sendfile [true], accept filters [false], random [true].
2024-06-13 09:58:11.464 [restartedMain] INFO  org.apache.catalina.core.AprLifecycleListener - APR/OpenSSL configuration: useAprConnector [false], useOpenSSL [true]
2024-06-13 09:58:11.468 [restartedMain] INFO  org.apache.catalina.core.AprLifecycleListener - OpenSSL successfully initialized [OpenSSL 1.1.1i  8 Dec 2020]
2024-06-13 09:58:11.553 [restartedMain] INFO  o.a.c.core.ContainerBase.[Tomcat].[localhost].[/] - Initializing Spring embedded WebApplicationContext
2024-06-13 09:58:11.553 [restartedMain] INFO  o.s.b.w.s.c.ServletWebServerApplicationContext - Root WebApplicationContext: initialization completed in 1877 ms
2024-06-13 09:58:12.086 [restartedMain] INFO  c.a.d.s.b.a.DruidDataSourceAutoConfigure - Init DruidDataSource
2024-06-13 09:58:12.568 [restartedMain] INFO  com.alibaba.druid.pool.DruidDataSource - {dataSource-1} inited
2024-06-13 09:58:13.963 [restartedMain] INFO  o.s.scheduling.concurrent.ThreadPoolTaskExecutor - Initializing ExecutorService 'applicationTaskExecutor'
2024-06-13 09:58:14.194 [restartedMain] INFO  o.s.b.d.autoconfigure.OptionalLiveReloadServer - LiveReload server is running on port 35729
2024-06-13 09:58:14.231 [restartedMain] INFO  org.apache.coyote.http11.Http11NioProtocol - Starting ProtocolHandler ["http-nio-8080"]
2024-06-13 09:58:14.253 [restartedMain] INFO  o.s.boot.web.embedded.tomcat.TomcatWebServer - Tomcat started on port(s): 8080 (http) with context path ''
2024-06-13 09:58:14.262 [restartedMain] INFO  com.project.travel.TravelApplication - Started TravelApplication in 5.363 seconds (JVM running for 7.104)
2024-06-13 09:59:34.046 [http-nio-8080-exec-3] INFO  o.a.c.core.ContainerBase.[Tomcat].[localhost].[/] - Initializing Spring DispatcherServlet 'dispatcherServlet'
2024-06-13 09:59:34.046 [http-nio-8080-exec-3] INFO  org.springframework.web.servlet.DispatcherServlet - Initializing Servlet 'dispatcherServlet'
2024-06-13 09:59:34.048 [http-nio-8080-exec-3] INFO  org.springframework.web.servlet.DispatcherServlet - Completed initialization in 2 ms
2024-06-13 11:11:49.445 [http-nio-8080-exec-35] INFO  com.project.travel.handle.MyMetaObjectHandler - 公共字段自动填充[update]...
2024-06-13 11:16:01.591 [http-nio-8080-exec-53] INFO  com.project.travel.handle.MyMetaObjectHandler - 公共字段自动填充[update]...
2024-06-13 11:16:56.830 [http-nio-8080-exec-60] INFO  com.project.travel.handle.MyMetaObjectHandler - 公共字段自动填充[update]...
2024-06-13 11:17:40.343 [http-nio-8080-exec-66] INFO  com.project.travel.handle.MyMetaObjectHandler - 公共字段自动填充[update]...
2024-06-13 11:18:24.188 [http-nio-8080-exec-75] INFO  com.project.travel.handle.MyMetaObjectHandler - 公共字段自动填充[update]...
2024-06-13 11:19:03.798 [http-nio-8080-exec-79] INFO  com.project.travel.handle.MyMetaObjectHandler - 公共字段自动填充[update]...
2024-06-13 11:19:55.733 [http-nio-8080-exec-88] INFO  com.project.travel.handle.MyMetaObjectHandler - 公共字段自动填充[update]...
2024-06-13 11:20:45.852 [http-nio-8080-exec-97] INFO  com.project.travel.handle.MyMetaObjectHandler - 公共字段自动填充[update]...
2024-06-13 11:21:39.572 [http-nio-8080-exec-4] INFO  com.project.travel.handle.MyMetaObjectHandler - 公共字段自动填充[update]...
2024-06-13 11:22:41.332 [http-nio-8080-exec-5] INFO  com.project.travel.handle.MyMetaObjectHandler - 公共字段自动填充[update]...
2024-06-13 11:29:41.903 [http-nio-8080-exec-27] INFO  com.project.travel.handle.MyMetaObjectHandler - 公共字段自动填充[update]...
2024-06-13 11:33:38.542 [http-nio-8080-exec-60] INFO  com.project.travel.handle.MyMetaObjectHandler - 公共字段自动填充[insert]...
2024-06-13 11:35:55.450 [http-nio-8080-exec-82] INFO  com.project.travel.handle.MyMetaObjectHandler - 公共字段自动填充[insert]...
2024-06-13 11:37:57.920 [http-nio-8080-exec-95] INFO  com.project.travel.handle.MyMetaObjectHandler - 公共字段自动填充[insert]...
2024-06-13 11:43:54.348 [http-nio-8080-exec-100] INFO  com.project.travel.handle.MyMetaObjectHandler - 公共字段自动填充[update]...
2024-06-13 14:13:13.819 [http-nio-8080-exec-25] INFO  com.project.travel.handle.MyMetaObjectHandler - 公共字段自动填充[update]...
2024-06-13 14:14:04.695 [http-nio-8080-exec-35] INFO  com.project.travel.handle.MyMetaObjectHandler - 公共字段自动填充[update]...
2024-06-13 14:14:44.247 [http-nio-8080-exec-46] INFO  com.project.travel.handle.MyMetaObjectHandler - 公共字段自动填充[update]...
2024-06-13 14:15:57.414 [http-nio-8080-exec-51] INFO  com.project.travel.handle.MyMetaObjectHandler - 公共字段自动填充[update]...
2024-06-13 14:16:34.718 [http-nio-8080-exec-56] INFO  com.project.travel.handle.MyMetaObjectHandler - 公共字段自动填充[update]...
2024-06-13 14:17:28.816 [http-nio-8080-exec-62] INFO  com.project.travel.handle.MyMetaObjectHandler - 公共字段自动填充[update]...
2024-06-13 14:18:21.831 [http-nio-8080-exec-73] INFO  com.project.travel.handle.MyMetaObjectHandler - 公共字段自动填充[update]...
2024-06-13 14:19:03.949 [http-nio-8080-exec-70] INFO  com.project.travel.handle.MyMetaObjectHandler - 公共字段自动填充[update]...
2024-06-13 14:19:50.286 [http-nio-8080-exec-86] INFO  com.project.travel.handle.MyMetaObjectHandler - 公共字段自动填充[update]...
2024-06-13 14:23:19.645 [http-nio-8080-exec-34] INFO  com.project.travel.handle.MyMetaObjectHandler - 公共字段自动填充[insert]...
2024-06-13 14:23:35.450 [http-nio-8080-exec-39] INFO  com.project.travel.handle.MyMetaObjectHandler - 公共字段自动填充[insert]...
2024-06-13 14:23:55.211 [http-nio-8080-exec-36] INFO  com.project.travel.handle.MyMetaObjectHandler - 公共字段自动填充[insert]...
2024-06-13 14:24:11.763 [http-nio-8080-exec-38] INFO  com.project.travel.handle.MyMetaObjectHandler - 公共字段自动填充[insert]...
2024-06-13 14:24:31.380 [http-nio-8080-exec-43] INFO  com.project.travel.handle.MyMetaObjectHandler - 公共字段自动填充[insert]...
2024-06-13 14:24:47.476 [http-nio-8080-exec-42] INFO  com.project.travel.handle.MyMetaObjectHandler - 公共字段自动填充[insert]...
2024-06-13 14:25:06.267 [http-nio-8080-exec-47] INFO  com.project.travel.handle.MyMetaObjectHandler - 公共字段自动填充[insert]...
2024-06-13 14:25:28.472 [http-nio-8080-exec-58] INFO  com.project.travel.handle.MyMetaObjectHandler - 公共字段自动填充[update]...
2024-06-13 14:25:28.477 [http-nio-8080-exec-58] INFO  com.project.travel.handle.MyMetaObjectHandler - 公共字段自动填充[insert]...
2024-06-13 14:25:55.403 [http-nio-8080-exec-81] INFO  com.project.travel.handle.MyMetaObjectHandler - 公共字段自动填充[insert]...
